app/build/outputs/logs/manifest-merger-debug-report.txt
-- Merging decision tree log ---
manifest
ADDED from src\main\AndroidManifest.xml:2:1-48:12
	package
		ADDED from src\main\AndroidManifest.xml:3:5-48
		INJECTED from src\main\AndroidManifest.xml
		INJECTED from src\main\AndroidManifest.xml
	android:versionName
		ADDED from src\main\AndroidManifest.xml:5:5-30
		INJECTED from src\main\AndroidManifest.xml
		INJECTED from src\main\AndroidManifest.xml
	android:versionCode
		ADDED from src\main\AndroidManifest.xml:4:5-28
		INJECTED from src\main\AndroidManifest.xml
		INJECTED from src\main\AndroidManifest.xml
	xmlns:android
		ADDED from src\main\AndroidManifest.xml:2:11-69
uses-sdk
ADDED from src\main\AndroidManifest.xml:7:5-9:41
MERGED from [com.android.support:appcompat-v7:18.0.0] AndroidManifest.xml:18:5-42
	android:targetSdkVersion
		ADDED from src\main\AndroidManifest.xml:9:9-38
		INJECTED from src\main\AndroidManifest.xml
		INJECTED from src\main\AndroidManifest.xml
	android:minSdkVersion
		ADDED from src\main\AndroidManifest.xml:8:9-35
		INJECTED from src\main\AndroidManifest.xml
		INJECTED from src\main\AndroidManifest.xml
uses-permission#android.permission.INTERNET
ADDED from src\main\AndroidManifest.xml:10:5-67
	android:name
		ADDED from src\main\AndroidManifest.xml:10:22-64
uses-permission#android.permission.READ_EXTERNAL_STORAGE
ADDED from src\main\AndroidManifest.xml:11:5-80
	android:name
		ADDED from src\main\AndroidManifest.xml:11:22-77
uses-permission#android.permission.WRITE_EXTERNAL_STORAGE
ADDED from src\main\AndroidManifest.xml:12:5-81
	android:name
		ADDED from src\main\AndroidManifest.xml:12:22-78
application
ADDED from src\main\AndroidManifest.xml:13:5-46:19
MERGED from [com.android.support:appcompat-v7:18.0.0] AndroidManifest.xml:19:5-20
	android:label
		ADDED from src\main\AndroidManifest.xml:16:9-41
	android:allowBackup
		ADDED from src\main\AndroidManifest.xml:14:9-35
	android:icon
		ADDED from src\main\AndroidManifest.xml:15:9-45
	android:theme
		ADDED from src\main\AndroidManifest.xml:17:9-53
activity#com.adaskin.android.stockwatcher4.MainActivity
ADDED from src\main\AndroidManifest.xml:18:9-26:20
	android:label
		ADDED from src\main\AndroidManifest.xml:20:13-45
	android:name
		ADDED from src\main\AndroidManifest.xml:19:13-74
intent-filter#android.intent.action.MAIN+android.intent.category.LAUNCHER
ADDED from src\main\AndroidManifest.xml:21:13-25:29
action#android.intent.action.MAIN
ADDED from src\main\AndroidManifest.xml:22:17-69
	android:name
		ADDED from src\main\AndroidManifest.xml:22:25-66
category#android.intent.category.LAUNCHER
ADDED from src\main\AndroidManifest.xml:24:17-77
	android:name
		ADDED from src\main\AndroidManifest.xml:24:27-74
activity#com.adaskin.android.stockwatcher4.views.OwnedAddActivity
ADDED from src\main\AndroidManifest.xml:27:9-29:20
	android:label
		ADDED from src\main\AndroidManifest.xml:28:19-51
	android:name
		ADDED from src\main\AndroidManifest.xml:27:19-57
activity#com.adaskin.android.stockwatcher4.views.OwnedDetailsActivity
ADDED from src\main\AndroidManifest.xml:30:9-32:20
	android:label
		ADDED from src\main\AndroidManifest.xml:31:19-51
	android:name
		ADDED from src\main\AndroidManifest.xml:30:19-61
activity#com.adaskin.android.stockwatcher4.views.WatchAddActivity
ADDED from src\main\AndroidManifest.xml:33:9-35:20
	android:label
		ADDED from src\main\AndroidManifest.xml:34:19-51
	android:name
		ADDED from src\main\AndroidManifest.xml:33:19-57
activity#com.adaskin.android.stockwatcher4.views.WatchDetailsActivity
ADDED from src\main\AndroidManifest.xml:36:9-38:20
	android:label
		ADDED from src\main\AndroidManifest.xml:37:19-51
	android:name
		ADDED from src\main\AndroidManifest.xml:36:19-61
activity#com.adaskin.android.stockwatcher4.views.BuyBlockAddActivity
ADDED from src\main\AndroidManifest.xml:39:9-41:20
	android:label
		ADDED from src\main\AndroidManifest.xml:40:19-51
	android:name
		ADDED from src\main\AndroidManifest.xml:39:19-60
activity#com.adaskin.android.stockwatcher4.views.ChangeParameterActivity
ADDED from src\main\AndroidManifest.xml:42:9-44:20
	android:label
		ADDED from src\main\AndroidManifest.xml:43:19-51
	android:name
		ADDED from src\main\AndroidManifest.xml:42:19-64
activity#com.adaskin.android.stockwatcher4.views.GenericDetailsActivity
ADDED from src\main\AndroidManifest.xml:45:9-66
	android:name
		ADDED from src\main\AndroidManifest.xml:45:19-63